<?xml version="1.0" encoding="UTF-8"?>
<testng-results skipped="0" failed="0" ignored="0" total="1" passed="1">
  <reporter-output>
  </reporter-output>
  <suite name="Surefire suite" duration-ms="36" started-at="2018-07-21T16:06:36Z" finished-at="2018-07-21T16:06:36Z">
    <groups>
    </groups>
    <test name="Surefire test" duration-ms="36" started-at="2018-07-21T16:06:36Z" finished-at="2018-07-21T16:06:36Z">
      <class name="com.jenkins.Basic">
        <test-method status="PASS" signature="display()[pri:0, instance:com.jenkins.Basic@19dfb72a]" name="display" duration-ms="10" started-at="2018-07-21T16:06:36Z" finished-at="2018-07-21T16:06:36Z">
          <reporter-output>
          </reporter-output>
        </test-method> <!-- display -->
      </class> <!-- com.jenkins.Basic -->
    </test> <!-- Surefire test -->
  </suite> <!-- Surefire suite -->
</testng-results>
