<?xml version="1.0" encoding="UTF-8"?>
<testng-results skipped="0" failed="0" ignored="0" total="1" passed="1">
  <reporter-output>
  </reporter-output>
  <suite name="Default suite" duration-ms="48" started-at="2018-07-21T15:27:27Z" finished-at="2018-07-21T15:27:27Z">
    <groups>
    </groups>
    <test name="Default test" duration-ms="48" started-at="2018-07-21T15:27:27Z" finished-at="2018-07-21T15:27:27Z">
      <class name="com.jenkins.Basic">
        <test-method status="PASS" signature="display()[pri:0, instance:com.jenkins.Basic@643b1d11]" name="display" duration-ms="13" started-at="2018-07-21T15:27:27Z" finished-at="2018-07-21T15:27:27Z">
          <reporter-output>
          </reporter-output>
        </test-method> <!-- display -->
      </class> <!-- com.jenkins.Basic -->
    </test> <!-- Default test -->
  </suite> <!-- Default suite -->
</testng-results>
